<?xml version="1.0" encoding="UTF-8"?>
<testng-results skipped="0" failed="0" ignored="0" total="1" passed="1">
  <reporter-output>
  </reporter-output>
  <suite name="Suite" duration-ms="27240" started-at="2018-06-25T20:58:51Z" finished-at="2018-06-25T20:59:18Z">
    <groups>
    </groups>
    <test name="Test" duration-ms="27240" started-at="2018-06-25T20:58:51Z" finished-at="2018-06-25T20:59:18Z">
      <class name="scripts.TestValidLogin">
        <test-method status="PASS" signature="openApplication()[pri:0, instance:scripts.TestValidLogin@1f7030a6]" name="openApplication" is-config="true" duration-ms="10233" started-at="2018-06-25T20:58:51Z" finished-at="2018-06-25T20:59:01Z">
          <reporter-output>
          </reporter-output>
        </test-method> <!-- openApplication -->
        <test-method status="PASS" signature="testValidLogin()[pri:0, instance:scripts.TestValidLogin@1f7030a6]" name="testValidLogin" duration-ms="12718" started-at="2018-06-25T20:59:01Z" finished-at="2018-06-25T20:59:14Z">
          <reporter-output>
          </reporter-output>
        </test-method> <!-- testValidLogin -->
        <test-method status="PASS" signature="closeApplication(org.testng.ITestResult)[pri:0, instance:scripts.TestValidLogin@1f7030a6]" name="closeApplication" is-config="true" duration-ms="4261" started-at="2018-06-25T20:59:14Z" finished-at="2018-06-25T20:59:18Z">
          <params>
            <param index="0">
              <value>
                <![CDATA[[TestResult name=testValidLogin status=SUCCESS method=TestValidLogin.testValidLogin()[pri:0, instance:scripts.TestValidLogin@1f7030a6] output={null}]]]>
              </value>
            </param>
          </params>
          <reporter-output>
          </reporter-output>
        </test-method> <!-- closeApplication -->
      </class> <!-- scripts.TestValidLogin -->
    </test> <!-- Test -->
  </suite> <!-- Suite -->
</testng-results>
